2020-11-22 15:26:04 CST INFO  com.codebaobao.ConsoleApplication 50 logStarting - Starting ConsoleApplication on PC-20191206503 with PID 17400 (started by Administrator in D:\777777777777777\物流\logistics_project\simple-frontback-template)[]
2020-11-22 15:26:04 CST INFO  com.codebaobao.ConsoleApplication 648 logStartupProfileInfo - No active profile set, falling back to default profiles: default[]
2020-11-22 15:26:04 CST WARN  org.mybatis.spring.mapper.ClassPathMapperScanner 44 warn - No MyBatis mapper was found in '[com.codebaobao]' package. Please check your configuration.[]
2020-11-22 15:26:05 CST INFO  org.springframework.boot.web.embedded.tomcat.TomcatWebServer 90 initialize - Tomcat initialized with port(s): 8080 (http)[]
2020-11-22 15:26:05 CST INFO  org.apache.coyote.http11.Http11NioProtocol 173 log - Initializing ProtocolHandler ["http-nio-8080"][]
2020-11-22 15:26:05 CST INFO  org.apache.catalina.core.StandardService 173 log - Starting service [Tomcat][]
2020-11-22 15:26:05 CST INFO  org.apache.catalina.core.StandardEngine 173 log - Starting Servlet engine: [Apache Tomcat/9.0.24][]
2020-11-22 15:26:05 CST INFO  org.apache.catalina.core.ContainerBase.[Tomcat].[localhost].[/] 173 log - Initializing Spring embedded WebApplicationContext[]
2020-11-22 15:26:05 CST INFO  org.springframework.web.context.ContextLoader 284 prepareWebApplicationContext - Root WebApplicationContext: initialization completed in 1326 ms[]
2020-11-22 15:26:06 CST INFO  com.alibaba.druid.spring.boot.autoconfigure.DruidDataSourceAutoConfigure 56 dataSource - Init DruidDataSource[]
2020-11-22 15:26:08 CST INFO  com.alibaba.druid.pool.DruidDataSource 1003 init - {dataSource-1} inited[]
2020-11-22 15:26:08 CST INFO  org.apache.coyote.http11.Http11NioProtocol 173 log - Starting ProtocolHandler ["http-nio-8080"][]
2020-11-22 15:26:08 CST INFO  org.springframework.boot.web.embedded.tomcat.TomcatWebServer 202 start - Tomcat started on port(s): 8080 (http) with context path ''[]
2020-11-22 15:26:08 CST INFO  com.codebaobao.ConsoleApplication 59 logStarted - Started ConsoleApplication in 6.276 seconds (JVM running for 7.812)[]
2020-11-22 15:26:08 CST INFO  com.codebaobao.ConsoleApplication 25 main - #####################electronic-console is running!!!!!!!!######################[]
2020-11-22 15:26:24 CST INFO  com.alibaba.druid.pool.DruidDataSource 1965 close - {dataSource-1} closing ...[]
2020-11-22 15:26:24 CST INFO  com.alibaba.druid.pool.DruidDataSource 2037 close - {dataSource-1} closed[]
2020-11-22 15:26:27 CST INFO  com.codebaobao.ConsoleApplication 50 logStarting - Starting ConsoleApplication on PC-20191206503 with PID 54360 (started by Administrator in D:\777777777777777\物流\logistics_project\simple-frontback-template)[]
2020-11-22 15:26:27 CST INFO  com.codebaobao.ConsoleApplication 648 logStartupProfileInfo - No active profile set, falling back to default profiles: default[]
2020-11-22 15:26:28 CST WARN  org.mybatis.spring.mapper.ClassPathMapperScanner 44 warn - No MyBatis mapper was found in '[com.codebaobao]' package. Please check your configuration.[]
2020-11-22 15:26:28 CST INFO  org.springframework.boot.web.embedded.tomcat.TomcatWebServer 90 initialize - Tomcat initialized with port(s): 8080 (http)[]
2020-11-22 15:26:28 CST INFO  org.apache.coyote.http11.Http11NioProtocol 173 log - Initializing ProtocolHandler ["http-nio-8080"][]
2020-11-22 15:26:28 CST INFO  org.apache.catalina.core.StandardService 173 log - Starting service [Tomcat][]
2020-11-22 15:26:28 CST INFO  org.apache.catalina.core.StandardEngine 173 log - Starting Servlet engine: [Apache Tomcat/9.0.24][]
2020-11-22 15:26:28 CST INFO  org.apache.catalina.core.ContainerBase.[Tomcat].[localhost].[/] 173 log - Initializing Spring embedded WebApplicationContext[]
2020-11-22 15:26:28 CST INFO  org.springframework.web.context.ContextLoader 284 prepareWebApplicationContext - Root WebApplicationContext: initialization completed in 856 ms[]
2020-11-22 15:26:28 CST INFO  com.alibaba.druid.spring.boot.autoconfigure.DruidDataSourceAutoConfigure 56 dataSource - Init DruidDataSource[]
2020-11-22 15:26:30 CST INFO  com.alibaba.druid.pool.DruidDataSource 1003 init - {dataSource-1} inited[]
2020-11-22 15:26:31 CST INFO  org.apache.coyote.http11.Http11NioProtocol 173 log - Starting ProtocolHandler ["http-nio-8080"][]
2020-11-22 15:26:31 CST INFO  org.springframework.boot.web.embedded.tomcat.TomcatWebServer 202 start - Tomcat started on port(s): 8080 (http) with context path ''[]
2020-11-22 15:26:31 CST INFO  com.codebaobao.ConsoleApplication 59 logStarted - Started ConsoleApplication in 4.02 seconds (JVM running for 4.933)[]
2020-11-22 15:26:31 CST INFO  com.codebaobao.ConsoleApplication 25 main - #####################electronic-console is running!!!!!!!!######################[]
2020-11-22 15:26:46 CST INFO  com.alibaba.druid.pool.DruidDataSource 1965 close - {dataSource-1} closing ...[]
2020-11-22 15:26:46 CST INFO  com.alibaba.druid.pool.DruidDataSource 2037 close - {dataSource-1} closed[]
2020-11-22 15:26:51 CST INFO  com.codebaobao.ConsoleApplication 50 logStarting - Starting ConsoleApplication on PC-20191206503 with PID 4656 (started by Administrator in D:\777777777777777\物流\logistics_project\simple-frontback-template)[]
2020-11-22 15:26:51 CST INFO  com.codebaobao.ConsoleApplication 648 logStartupProfileInfo - No active profile set, falling back to default profiles: default[]
2020-11-22 15:26:52 CST WARN  org.mybatis.spring.mapper.ClassPathMapperScanner 44 warn - No MyBatis mapper was found in '[com.codebaobao]' package. Please check your configuration.[]
2020-11-22 15:26:52 CST INFO  org.springframework.boot.web.embedded.tomcat.TomcatWebServer 90 initialize - Tomcat initialized with port(s): 8080 (http)[]
2020-11-22 15:26:52 CST INFO  org.apache.coyote.http11.Http11NioProtocol 173 log - Initializing ProtocolHandler ["http-nio-8080"][]
2020-11-22 15:26:52 CST INFO  org.apache.catalina.core.StandardService 173 log - Starting service [Tomcat][]
2020-11-22 15:26:52 CST INFO  org.apache.catalina.core.StandardEngine 173 log - Starting Servlet engine: [Apache Tomcat/9.0.24][]
2020-11-22 15:26:52 CST INFO  org.apache.catalina.core.ContainerBase.[Tomcat].[localhost].[/] 173 log - Initializing Spring embedded WebApplicationContext[]
2020-11-22 15:26:52 CST INFO  org.springframework.web.context.ContextLoader 284 prepareWebApplicationContext - Root WebApplicationContext: initialization completed in 1217 ms[]
2020-11-22 15:26:53 CST INFO  com.alibaba.druid.spring.boot.autoconfigure.DruidDataSourceAutoConfigure 56 dataSource - Init DruidDataSource[]
2020-11-22 15:26:57 CST INFO  com.codebaobao.ConsoleApplication 50 logStarting - Starting ConsoleApplication on PC-20191206503 with PID 22948 (started by Administrator in D:\777777777777777\物流\logistics_project\simple-frontback-template)[]
2020-11-22 15:26:57 CST INFO  com.codebaobao.ConsoleApplication 648 logStartupProfileInfo - No active profile set, falling back to default profiles: default[]
2020-11-22 15:26:58 CST WARN  org.mybatis.spring.mapper.ClassPathMapperScanner 44 warn - No MyBatis mapper was found in '[com.codebaobao]' package. Please check your configuration.[]
2020-11-22 15:26:58 CST INFO  org.springframework.boot.web.embedded.tomcat.TomcatWebServer 90 initialize - Tomcat initialized with port(s): 8080 (http)[]
2020-11-22 15:26:58 CST INFO  org.apache.coyote.http11.Http11NioProtocol 173 log - Initializing ProtocolHandler ["http-nio-8080"][]
2020-11-22 15:26:58 CST INFO  org.apache.catalina.core.StandardService 173 log - Starting service [Tomcat][]
2020-11-22 15:26:58 CST INFO  org.apache.catalina.core.StandardEngine 173 log - Starting Servlet engine: [Apache Tomcat/9.0.24][]
2020-11-22 15:26:58 CST INFO  org.apache.catalina.core.ContainerBase.[Tomcat].[localhost].[/] 173 log - Initializing Spring embedded WebApplicationContext[]
2020-11-22 15:26:58 CST INFO  org.springframework.web.context.ContextLoader 284 prepareWebApplicationContext - Root WebApplicationContext: initialization completed in 1152 ms[]
2020-11-22 15:26:59 CST INFO  com.alibaba.druid.spring.boot.autoconfigure.DruidDataSourceAutoConfigure 56 dataSource - Init DruidDataSource[]
